<?xml version="1.0" encoding="UTF-8"?>
<testng-results ignored="0" total="4" passed="4" failed="0" skipped="0">
  <reporter-output>
  </reporter-output>
  <suite started-at="2021-12-15T21:52:38 EST" name="Ädhoc" finished-at="2021-12-15T21:55:00 EST" duration-ms="142275">
    <groups>
    </groups>
    <test started-at="2021-12-15T21:52:38 EST" name="Regression" finished-at="2021-12-15T21:55:00 EST" duration-ms="142275">
      <class name="PeopleNTech.Automationtraining.SignInAmazon">
        <test-method is-config="true" signature="beforeMethod()[pri:0, instance:PeopleNTech.Automationtraining.SignInAmazon@55536d9e]" started-at="2021-12-15T21:52:38 EST" name="beforeMethod" finished-at="2021-12-15T21:52:48 EST" duration-ms="9982" status="PASS">
          <reporter-output>
          </reporter-output>
        </test-method> <!-- beforeMethod -->
        <test-method signature="VerificationOfText()[pri:1, instance:PeopleNTech.Automationtraining.SignInAmazon@55536d9e]" started-at="2021-12-15T21:52:48 EST" name="VerificationOfText" finished-at="2021-12-15T21:53:10 EST" duration-ms="21654" status="PASS">
          <reporter-output>
          </reporter-output>
        </test-method> <!-- VerificationOfText -->
        <test-method is-config="true" signature="afterMethod()[pri:0, instance:PeopleNTech.Automationtraining.SignInAmazon@55536d9e]" started-at="2021-12-15T21:53:10 EST" name="afterMethod" finished-at="2021-12-15T21:53:17 EST" duration-ms="6725" status="PASS">
          <reporter-output>
          </reporter-output>
        </test-method> <!-- afterMethod -->
        <test-method is-config="true" signature="beforeMethod()[pri:0, instance:PeopleNTech.Automationtraining.SignInAmazon@55536d9e]" started-at="2021-12-15T21:53:17 EST" name="beforeMethod" finished-at="2021-12-15T21:53:22 EST" duration-ms="5656" status="PASS">
          <reporter-output>
          </reporter-output>
        </test-method> <!-- beforeMethod -->
        <test-method signature="f()[pri:2, instance:PeopleNTech.Automationtraining.SignInAmazon@55536d9e]" started-at="2021-12-15T21:53:22 EST" name="f" finished-at="2021-12-15T21:53:43 EST" depends-on-methods="PeopleNTech.Automationtraining.SignInAmazon.VerificationOfText" duration-ms="20883" status="PASS">
          <reporter-output>
          </reporter-output>
        </test-method> <!-- f -->
        <test-method is-config="true" signature="afterMethod()[pri:0, instance:PeopleNTech.Automationtraining.SignInAmazon@55536d9e]" started-at="2021-12-15T21:53:43 EST" name="afterMethod" finished-at="2021-12-15T21:53:50 EST" duration-ms="6693" status="PASS">
          <reporter-output>
          </reporter-output>
        </test-method> <!-- afterMethod -->
      </class> <!-- PeopleNTech.Automationtraining.SignInAmazon -->
      <class name="PeopleNTech.Automationtraining.SignInAmazon2">
        <test-method is-config="true" signature="beforeMethod()[pri:0, instance:PeopleNTech.Automationtraining.SignInAmazon2@69997e9d]" started-at="2021-12-15T21:53:50 EST" name="beforeMethod" finished-at="2021-12-15T21:53:57 EST" duration-ms="7648" status="PASS">
          <reporter-output>
          </reporter-output>
        </test-method> <!-- beforeMethod -->
        <test-method signature="VerificationOfText()[pri:1, instance:PeopleNTech.Automationtraining.SignInAmazon2@69997e9d]" started-at="2021-12-15T21:53:57 EST" name="VerificationOfText" finished-at="2021-12-15T21:54:19 EST" duration-ms="21355" status="PASS">
          <reporter-output>
          </reporter-output>
        </test-method> <!-- VerificationOfText -->
        <test-method is-config="true" signature="afterMethod()[pri:0, instance:PeopleNTech.Automationtraining.SignInAmazon2@69997e9d]" started-at="2021-12-15T21:54:19 EST" name="afterMethod" finished-at="2021-12-15T21:54:26 EST" duration-ms="6759" status="PASS">
          <reporter-output>
          </reporter-output>
        </test-method> <!-- afterMethod -->
        <test-method is-config="true" signature="beforeMethod()[pri:0, instance:PeopleNTech.Automationtraining.SignInAmazon2@69997e9d]" started-at="2021-12-15T21:54:26 EST" name="beforeMethod" finished-at="2021-12-15T21:54:34 EST" duration-ms="7951" status="PASS">
          <reporter-output>
          </reporter-output>
        </test-method> <!-- beforeMethod -->
        <test-method signature="f()[pri:2, instance:PeopleNTech.Automationtraining.SignInAmazon2@69997e9d]" started-at="2021-12-15T21:54:34 EST" name="f" finished-at="2021-12-15T21:54:54 EST" depends-on-methods="PeopleNTech.Automationtraining.SignInAmazon2.VerificationOfText" duration-ms="20153" status="PASS">
          <reporter-output>
          </reporter-output>
        </test-method> <!-- f -->
        <test-method is-config="true" signature="afterMethod()[pri:0, instance:PeopleNTech.Automationtraining.SignInAmazon2@69997e9d]" started-at="2021-12-15T21:54:54 EST" name="afterMethod" finished-at="2021-12-15T21:55:00 EST" duration-ms="6740" status="PASS">
          <reporter-output>
          </reporter-output>
        </test-method> <!-- afterMethod -->
      </class> <!-- PeopleNTech.Automationtraining.SignInAmazon2 -->
    </test> <!-- Regression -->
  </suite> <!-- Ädhoc -->
</testng-results>
