<?xml version="1.0" encoding="UTF-8"?>
<!-- Generated by org.testng.reporters.JUnitXMLReporter -->
<testsuite ignored="0" hostname="LAPTOP-J64VV9VG" failures="0" tests="3" name="RegressionOfChrome" time="52.542" errors="0" timestamp="2021-12-21T22:34:38 EST">
  <testcase classname="PeopleNTech.Automationtraining.Providing" name="f" time="6.47"/>
  <testcase classname="PeopleNTech.Automationtraining.Providing" name="f" time="6.346"/>
  <testcase classname="PeopleNTech.Automationtraining.Providing" name="f" time="6.362"/>
</testsuite> <!-- RegressionOfChrome -->
