<?xml version="1.0" encoding="UTF-8"?>
<!-- Generated by org.testng.reporters.JUnitXMLReporter -->
<testsuite ignored="0" hostname="LAPTOP-J64VV9VG" failures="1" tests="4" name="Regression" time="89.909" errors="0" timestamp="2021-12-21T18:24:52 EST">
  <testcase classname="PeopleNTech.Automationtraining.SignInAmazon" name="VerificationOfText" time="20.112"/>
  <testcase classname="PeopleNTech.Automationtraining.SignInAmazon" name="f" time="19.273"/>
  <testcase classname="PeopleNTech.Automationtraining.SignInAmazon2" name="VerificationOfText" time="20.274">
    <failure type="org.openqa.selenium.NoSuchWindowException" message="no such window: window was already closed
  (Session info: MicrosoftEdge=96.0.1054.57)
Build info: version: &amp;apos;3.141.59&amp;apos;, revision: &amp;apos;e82be7d358&amp;apos;, time: &amp;apos;2018-11-14T08:17:03&amp;apos;
System info: host: &amp;apos;LAPTOP-J64VV9VG&amp;apos;, ip: &amp;apos;10.10.10.190&amp;apos;, os.name: &amp;apos;Windows 10&amp;apos;, os.arch: &amp;apos;amd64&amp;apos;, os.version: &amp;apos;10.0&amp;apos;, java.version: &amp;apos;17&amp;apos;
Driver info: org.openqa.selenium.edge.EdgeDriver
Capabilities {acceptInsecureCerts: false, browserName: msedge, browserVersion: 96.0.1054.57, javascriptEnabled: true, ms:edgeOptions: {debuggerAddress: localhost:51888}, msedge: {msedgedriverVersion: 96.0.1054.57 (37903eda6e60d..., userDataDir: C:\Users\IGUSTA~1\AppData\L...}, networkConnectionEnabled: false, pageLoadStrategy: normal, platform: WINDOWS, platformName: WINDOWS, proxy: Proxy(), setWindowRect: true, strictFileInteractability: false, timeouts: {implicit: 0, pageLoad: 300000, script: 30000}, unhandledPromptBehavior: dismiss and notify, webauthn:extension:credBlob: true, webauthn:extension:largeBlob: true, webauthn:virtualAuthenticators: true}
Session ID: 7e4ccddd5bdecac9ffd1f0daee66fb64">
      <![CDATA[org.openqa.selenium.NoSuchWindowException: no such window: window was already closed
  (Session info: MicrosoftEdge=96.0.1054.57)
Build info: version: '3.141.59', revision: 'e82be7d358', time: '2018-11-14T08:17:03'
System info: host: 'LAPTOP-J64VV9VG', ip: '10.10.10.190', os.name: 'Windows 10', os.arch: 'amd64', os.version: '10.0', java.version: '17'
Driver info: org.openqa.selenium.edge.EdgeDriver
Capabilities {acceptInsecureCerts: false, browserName: msedge, browserVersion: 96.0.1054.57, javascriptEnabled: true, ms:edgeOptions: {debuggerAddress: localhost:51888}, msedge: {msedgedriverVersion: 96.0.1054.57 (37903eda6e60d..., userDataDir: C:\Users\IGUSTA~1\AppData\L...}, networkConnectionEnabled: false, pageLoadStrategy: normal, platform: WINDOWS, platformName: WINDOWS, proxy: Proxy(), setWindowRect: true, strictFileInteractability: false, timeouts: {implicit: 0, pageLoad: 300000, script: 30000}, unhandledPromptBehavior: dismiss and notify, webauthn:extension:credBlob: true, webauthn:extension:largeBlob: true, webauthn:virtualAuthenticators: true}
Session ID: 7e4ccddd5bdecac9ffd1f0daee66fb64
at org.openqa.selenium.remote.http.W3CHttpResponseCodec.createException(W3CHttpResponseCodec.java:187)
at org.openqa.selenium.remote.http.W3CHttpResponseCodec.decode(W3CHttpResponseCodec.java:122)
at org.openqa.selenium.remote.http.W3CHttpResponseCodec.decode(W3CHttpResponseCodec.java:49)
at org.openqa.selenium.remote.HttpCommandExecutor.execute(HttpCommandExecutor.java:158)
at org.openqa.selenium.remote.service.DriverCommandExecutor.execute(DriverCommandExecutor.java:83)
at org.openqa.selenium.remote.RemoteWebDriver.execute(RemoteWebDriver.java:552)
at org.openqa.selenium.remote.RemoteWebDriver.execute(RemoteWebDriver.java:609)
at org.openqa.selenium.remote.RemoteWebDriver.getScreenshotAs(RemoteWebDriver.java:295)
at PeopleNTech.Automationtraining.SignInAmazon2.shots(SignInAmazon2.java:95)
at PeopleNTech.Automationtraining.SignInAmazon2.VerificationOfText(SignInAmazon2.java:49)
at java.base/java.util.ArrayList.forEach(ArrayList.java:1511)
... Removed 32 stack frames]]>
    </failure>
  </testcase> <!-- VerificationOfText -->
  <testcase classname="PeopleNTech.Automationtraining.SignInAmazon2" name="f" time="0.0">
    <skipped/>
  </testcase> <!-- f -->
</testsuite> <!-- Regression -->
