<?xml version="1.0" encoding="UTF-8"?>
<!-- Generated by org.testng.reporters.JUnitXMLReporter -->
<testsuite ignored="0" hostname="LAPTOP-J64VV9VG" failures="0" tests="3" name="RegressionOfEdge" time="50.575" errors="0" timestamp="2021-12-21T22:35:29 EST">
  <testcase classname="PeopleNTech.Automationtraining.Providing" name="f" time="6.369"/>
  <testcase classname="PeopleNTech.Automationtraining.Providing" name="f" time="6.375"/>
  <testcase classname="PeopleNTech.Automationtraining.Providing" name="f" time="6.423"/>
</testsuite> <!-- RegressionOfEdge -->
