<?xml version="1.0" encoding="UTF-8"?>
<!-- Generated by org.testng.reporters.JUnitXMLReporter -->
<testsuite ignored="0" hostname="LAPTOP-J64VV9VG" failures="0" tests="4" name="Regression" time="142.275" errors="0" timestamp="2021-12-15T21:55:00 EST">
  <testcase classname="PeopleNTech.Automationtraining.SignInAmazon" name="VerificationOfText" time="21.654"/>
  <testcase classname="PeopleNTech.Automationtraining.SignInAmazon" name="f" time="20.883"/>
  <testcase classname="PeopleNTech.Automationtraining.SignInAmazon2" name="VerificationOfText" time="21.355"/>
  <testcase classname="PeopleNTech.Automationtraining.SignInAmazon2" name="f" time="20.153"/>
</testsuite> <!-- Regression -->
